<?xml version="1.0" encoding="UTF-8"?>
<!-- Generated by org.testng.reporters.JUnitReportReporter -->
<testsuite hostname="LMC-LT-099" failures="0" tests="1" name="com.programs.testcases.TC001" time="6.085" errors="0" timestamp="2023-11-22T11:12:48 IST" skipped="0">
  <testcase classname="com.programs.testcases.TC001" name="test" time="6.085"/>
  <system-out/>
</testsuite> <!-- com.programs.testcases.TC001 -->
