<?xml version="1.0" encoding="UTF-8"?>
<!-- Generated by org.testng.reporters.JUnitReportReporter -->
<testsuite hostname="LMC-LT-099" failures="0" tests="1" name="com.programs.TC001" time="5.694" errors="0" timestamp="2023-11-22T09:43:51 IST" skipped="0">
  <testcase classname="com.programs.TC001" name="test" time="5.694"/>
  <system-out/>
</testsuite> <!-- com.programs.TC001 -->
